<?xml version="1.0" encoding="UTF-8"?>
<!-- Generated by org.testng.reporters.JUnitXMLReporter -->
<testsuite hostname="Meghanas-MacBook-Air.local" ignored="0" name="OrangeHRMTestCases" tests="9" failures="0" timestamp="2023-03-25T13:33:35 IST" time="1.009" errors="0">
  <testcase name="@BeforeMethod setUp" time="0.113" classname="com.hrm.qa.testcases.LoginPageTest">
    <failure type="java.lang.UnsupportedClassVersionError" message="org/openqa/selenium/remote/http/jdk/JdkHttpClient$Factory has been compiled by a more recent version of the Java Runtime (class file version 55.0), this version of the Java Runtime only recognizes class file versions up to 52.0">
      <![CDATA[java.lang.UnsupportedClassVersionError: org/openqa/selenium/remote/http/jdk/JdkHttpClient$Factory has been compiled by a more recent version of the Java Runtime (class file version 55.0), this version of the Java Runtime only recognizes class file versions up to 52.0
at java.lang.ClassLoader.defineClass1(Native Method)
at java.lang.ClassLoader.defineClass(ClassLoader.java:756)
at java.security.SecureClassLoader.defineClass(SecureClassLoader.java:142)
at java.net.URLClassLoader.defineClass(URLClassLoader.java:473)
at java.net.URLClassLoader.access$100(URLClassLoader.java:74)
at java.net.URLClassLoader$1.run(URLClassLoader.java:369)
at java.net.URLClassLoader$1.run(URLClassLoader.java:363)
at java.security.AccessController.doPrivileged(Native Method)
at java.net.URLClassLoader.findClass(URLClassLoader.java:362)
at java.lang.ClassLoader.loadClass(ClassLoader.java:418)
at sun.misc.Launcher$AppClassLoader.loadClass(Launcher.java:355)
at java.lang.ClassLoader.loadClass(ClassLoader.java:351)
at java.lang.Class.forName0(Native Method)
at java.lang.Class.forName(Class.java:348)
at java.util.ServiceLoader$LazyIterator.nextService(ServiceLoader.java:370)
at java.util.ServiceLoader$LazyIterator.next(ServiceLoader.java:404)
at java.util.ServiceLoader$1.next(ServiceLoader.java:480)
at java.util.Spliterators$IteratorSpliterator.trySplit(Spliterators.java:1784)
at java.util.stream.AbstractTask.compute(AbstractTask.java:297)
at java.util.concurrent.CountedCompleter.exec(CountedCompleter.java:731)
at java.util.concurrent.ForkJoinTask.doExec(ForkJoinTask.java:289)
at java.util.concurrent.ForkJoinTask.doInvoke(ForkJoinTask.java:401)
at java.util.concurrent.ForkJoinTask.invoke(ForkJoinTask.java:734)
at java.util.stream.ReduceOps$ReduceOp.evaluateParallel(ReduceOps.java:714)
at java.util.stream.AbstractPipeline.evaluate(AbstractPipeline.java:233)
at java.util.stream.ReferencePipeline.collect(ReferencePipeline.java:499)
at org.openqa.selenium.remote.http.HttpClient$Factory.create(HttpClient.java:55)
at org.openqa.selenium.remote.http.HttpClient$Factory.createDefault(HttpClient.java:73)
at org.openqa.selenium.remote.HttpCommandExecutor$DefaultClientFactoryHolder.<clinit>(HttpCommandExecutor.java:58)
at org.openqa.selenium.remote.HttpCommandExecutor.getDefaultClientFactory(HttpCommandExecutor.java:62)
at org.openqa.selenium.remote.HttpCommandExecutor.<init>(HttpCommandExecutor.java:87)
at org.openqa.selenium.remote.service.DriverCommandExecutor.<init>(DriverCommandExecutor.java:80)
at org.openqa.selenium.chromium.ChromiumDriverCommandExecutor.<init>(ChromiumDriverCommandExecutor.java:35)
at org.openqa.selenium.chrome.ChromeDriver$ChromeDriverCommandExecutor.<init>(ChromeDriver.java:94)
at org.openqa.selenium.chrome.ChromeDriver.<init>(ChromeDriver.java:82)
at org.openqa.selenium.chrome.ChromeDriver.<init>(ChromeDriver.java:50)
at com.hrm.qa.base.TestBase.initialization(TestBase.java:58)
at com.hrm.qa.testcases.LoginPageTest.setUp(LoginPageTest.java:26)
at java.util.ArrayList.forEach(ArrayList.java:1259)
... Removed 31 stack frames]]>
    </failure>
  </testcase> <!-- @BeforeMethod setUp -->
  <testcase name="@AfterMethod tearDown" time="-1.679731409227E9" classname="com.hrm.qa.testcases.LoginPageTest">
    <skipped/>
  </testcase> <!-- @AfterMethod tearDown -->
  <testcase name="@BeforeMethod setUp" time="-1.679731409233E9" classname="com.hrm.qa.testcases.LoginPageTest">
    <skipped/>
  </testcase> <!-- @BeforeMethod setUp -->
  <testcase name="@AfterMethod tearDown" time="-1.679731409239E9" classname="com.hrm.qa.testcases.LoginPageTest">
    <skipped/>
  </testcase> <!-- @AfterMethod tearDown -->
  <testcase name="@BeforeMethod setUp" time="-1.679731409242E9" classname="com.hrm.qa.testcases.LoginPageTest">
    <skipped/>
  </testcase> <!-- @BeforeMethod setUp -->
  <testcase name="@AfterMethod tearDown" time="-1.679731409249E9" classname="com.hrm.qa.testcases.LoginPageTest">
    <skipped/>
  </testcase> <!-- @AfterMethod tearDown -->
  <testcase name="@BeforeMethod setUp" time="0.002" classname="com.hrm.qa.testcases.HomePageTest">
    <failure type="java.lang.NoClassDefFoundError" message="Could not initialize class org.openqa.selenium.remote.HttpCommandExecutor$DefaultClientFactoryHolder">
      <![CDATA[java.lang.NoClassDefFoundError: Could not initialize class org.openqa.selenium.remote.HttpCommandExecutor$DefaultClientFactoryHolder
at org.openqa.selenium.remote.HttpCommandExecutor.getDefaultClientFactory(HttpCommandExecutor.java:62)
at org.openqa.selenium.remote.HttpCommandExecutor.<init>(HttpCommandExecutor.java:87)
at org.openqa.selenium.remote.service.DriverCommandExecutor.<init>(DriverCommandExecutor.java:80)
at org.openqa.selenium.chromium.ChromiumDriverCommandExecutor.<init>(ChromiumDriverCommandExecutor.java:35)
at org.openqa.selenium.chrome.ChromeDriver$ChromeDriverCommandExecutor.<init>(ChromeDriver.java:94)
at org.openqa.selenium.chrome.ChromeDriver.<init>(ChromeDriver.java:82)
at org.openqa.selenium.chrome.ChromeDriver.<init>(ChromeDriver.java:50)
at com.hrm.qa.base.TestBase.initialization(TestBase.java:58)
at com.hrm.qa.testcases.HomePageTest.setUp(HomePageTest.java:25)
at java.util.ArrayList.forEach(ArrayList.java:1259)
... Removed 31 stack frames]]>
    </failure>
  </testcase> <!-- @BeforeMethod setUp -->
  <testcase name="@AfterMethod tearDown" time="-1.679731409264E9" classname="com.hrm.qa.testcases.HomePageTest">
    <skipped/>
  </testcase> <!-- @AfterMethod tearDown -->
  <testcase name="@BeforeMethod setUp" time="-1.679731409266E9" classname="com.hrm.qa.testcases.HomePageTest">
    <skipped/>
  </testcase> <!-- @BeforeMethod setUp -->
  <testcase name="@AfterMethod tearDown" time="-1.679731409268E9" classname="com.hrm.qa.testcases.HomePageTest">
    <skipped/>
  </testcase> <!-- @AfterMethod tearDown -->
  <testcase name="@BeforeMethod setUp" time="-1.67973140927E9" classname="com.hrm.qa.testcases.HomePageTest">
    <skipped/>
  </testcase> <!-- @BeforeMethod setUp -->
  <testcase name="@AfterMethod tearDown" time="-1.679731409272E9" classname="com.hrm.qa.testcases.HomePageTest">
    <skipped/>
  </testcase> <!-- @AfterMethod tearDown -->
  <testcase name="@BeforeMethod setUp" time="-1.679731409274E9" classname="com.hrm.qa.testcases.HomePageTest">
    <skipped/>
  </testcase> <!-- @BeforeMethod setUp -->
  <testcase name="@AfterMethod tearDown" time="-1.679731409279E9" classname="com.hrm.qa.testcases.HomePageTest">
    <skipped/>
  </testcase> <!-- @AfterMethod tearDown -->
  <testcase name="@BeforeMethod setUp" time="0.006" classname="com.hrm.qa.testcases.UserManagementTest">
    <failure type="java.lang.NoClassDefFoundError" message="Could not initialize class org.openqa.selenium.remote.HttpCommandExecutor$DefaultClientFactoryHolder">
      <![CDATA[java.lang.NoClassDefFoundError: Could not initialize class org.openqa.selenium.remote.HttpCommandExecutor$DefaultClientFactoryHolder
at org.openqa.selenium.remote.HttpCommandExecutor.getDefaultClientFactory(HttpCommandExecutor.java:62)
at org.openqa.selenium.remote.HttpCommandExecutor.<init>(HttpCommandExecutor.java:87)
at org.openqa.selenium.remote.service.DriverCommandExecutor.<init>(DriverCommandExecutor.java:80)
at org.openqa.selenium.chromium.ChromiumDriverCommandExecutor.<init>(ChromiumDriverCommandExecutor.java:35)
at org.openqa.selenium.chrome.ChromeDriver$ChromeDriverCommandExecutor.<init>(ChromeDriver.java:94)
at org.openqa.selenium.chrome.ChromeDriver.<init>(ChromeDriver.java:82)
at org.openqa.selenium.chrome.ChromeDriver.<init>(ChromeDriver.java:50)
at com.hrm.qa.base.TestBase.initialization(TestBase.java:58)
at com.hrm.qa.testcases.UserManagementTest.setUp(UserManagementTest.java:28)
at java.util.ArrayList.forEach(ArrayList.java:1259)
... Removed 31 stack frames]]>
    </failure>
  </testcase> <!-- @BeforeMethod setUp -->
  <testcase name="@BeforeMethod setUp" time="-1.679731410065E9" classname="com.hrm.qa.testcases.UserManagementTest">
    <skipped/>
  </testcase> <!-- @BeforeMethod setUp -->
  <testcase name="LoginSuccess" time="0.0" classname="com.hrm.qa.testcases.LoginPageTest">
    <skipped/>
  </testcase> <!-- LoginSuccess -->
  <testcase name="HRMLogoImageTest" time="0.0" classname="com.hrm.qa.testcases.LoginPageTest">
    <skipped/>
  </testcase> <!-- HRMLogoImageTest -->
  <testcase name="loginPageTitleTest" time="0.0" classname="com.hrm.qa.testcases.LoginPageTest">
    <skipped/>
  </testcase> <!-- loginPageTitleTest -->
  <testcase name="homePageTitleTest" time="0.0" classname="com.hrm.qa.testcases.HomePageTest">
    <skipped/>
  </testcase> <!-- homePageTitleTest -->
  <testcase name="homePageClickAboutTest" time="0.0" classname="com.hrm.qa.testcases.HomePageTest">
    <skipped/>
  </testcase> <!-- homePageClickAboutTest -->
  <testcase name="homePageClickSupportTest" time="0.0" classname="com.hrm.qa.testcases.HomePageTest">
    <skipped/>
  </testcase> <!-- homePageClickSupportTest -->
  <testcase name="homePageClickChangePasswordTest" time="0.0" classname="com.hrm.qa.testcases.HomePageTest">
    <skipped/>
  </testcase> <!-- homePageClickChangePasswordTest -->
  <testcase name="AddUserTest" time="0.0" classname="com.hrm.qa.testcases.UserManagementTest">
    <skipped/>
  </testcase> <!-- AddUserTest -->
  <testcase name="searchUserTest" time="0.0" classname="com.hrm.qa.testcases.UserManagementTest">
    <skipped/>
  </testcase> <!-- searchUserTest -->
</testsuite> <!-- OrangeHRMTestCases -->
