<?xml version="1.0" encoding="UTF-8"?>
<!-- Generated by org.testng.reporters.JUnitXMLReporter -->
<testsuite ignored="0" hostname="Meghanas-MacBook-Air.local" failures="0" tests="3" name="Default test" time="13.15" errors="0" timestamp="2023-03-06T19:29:42 IST">
  <testcase classname="com.hrm.qa.testcases.LoginPageTest" name="LoginSuccess" time="1.582"/>
  <testcase classname="com.hrm.qa.testcases.LoginPageTest" name="HRMLogoImageTest" time="0.361"/>
  <testcase classname="com.hrm.qa.testcases.LoginPageTest" name="loginPageTitleTest" time="0.002"/>
</testsuite> <!-- Default test -->
