<?xml version="1.0" encoding="UTF-8"?>
<!-- Generated by org.testng.reporters.JUnitXMLReporter -->
<testsuite ignored="0" hostname="Meghanas-MacBook-Air.local" failures="0" tests="3" name="Default test" time="25.458" errors="0" timestamp="2023-03-25T15:32:30 IST">
  <testcase classname="com.hrm.qa.testcases.LoginPageTest" name="LoginSuccess" time="0.745"/>
  <testcase classname="com.hrm.qa.testcases.LoginPageTest" name="HRMLogoImageTest" time="0.55"/>
  <testcase classname="com.hrm.qa.testcases.LoginPageTest" name="loginPageTitleTest" time="0.014"/>
</testsuite> <!-- Default test -->
