<?xml version="1.0" encoding="UTF-8"?>
<testng-results ignored="0" total="3" passed="3" failed="0" skipped="0">
  <reporter-output>
  </reporter-output>
  <suite started-at="2023-03-06T19:29:28 IST" name="Default suite" finished-at="2023-03-06T19:29:41 IST" duration-ms="13150">
    <groups>
    </groups>
    <test started-at="2023-03-06T19:29:28 IST" name="Default test" finished-at="2023-03-06T19:29:41 IST" duration-ms="13150">
      <class name="com.hrm.qa.testcases.LoginPageTest">
        <test-method is-config="true" signature="setUp()[pri:0, instance:com.hrm.qa.testcases.LoginPageTest@10e41621]" started-at="2023-03-06T19:29:28 IST" name="setUp" finished-at="2023-03-06T19:29:32 IST" duration-ms="4069" status="PASS">
          <reporter-output>
          </reporter-output>
        </test-method> <!-- setUp -->
        <test-method signature="LoginSuccess()[pri:1, instance:com.hrm.qa.testcases.LoginPageTest@10e41621]" started-at="2023-03-06T19:29:32 IST" name="LoginSuccess" finished-at="2023-03-06T19:29:34 IST" duration-ms="1582" status="PASS">
          <reporter-output>
          </reporter-output>
        </test-method> <!-- LoginSuccess -->
        <test-method is-config="true" signature="tearDown()[pri:0, instance:com.hrm.qa.testcases.LoginPageTest@10e41621]" started-at="2023-03-06T19:29:34 IST" name="tearDown" finished-at="2023-03-06T19:29:34 IST" duration-ms="111" status="PASS">
          <reporter-output>
          </reporter-output>
        </test-method> <!-- tearDown -->
        <test-method is-config="true" signature="setUp()[pri:0, instance:com.hrm.qa.testcases.LoginPageTest@10e41621]" started-at="2023-03-06T19:29:34 IST" name="setUp" finished-at="2023-03-06T19:29:37 IST" duration-ms="3235" status="PASS">
          <reporter-output>
          </reporter-output>
        </test-method> <!-- setUp -->
        <test-method signature="HRMLogoImageTest()[pri:2, instance:com.hrm.qa.testcases.LoginPageTest@10e41621]" started-at="2023-03-06T19:29:37 IST" name="HRMLogoImageTest" finished-at="2023-03-06T19:29:38 IST" duration-ms="361" status="PASS">
          <reporter-output>
          </reporter-output>
        </test-method> <!-- HRMLogoImageTest -->
        <test-method is-config="true" signature="tearDown()[pri:0, instance:com.hrm.qa.testcases.LoginPageTest@10e41621]" started-at="2023-03-06T19:29:38 IST" name="tearDown" finished-at="2023-03-06T19:29:38 IST" duration-ms="109" status="PASS">
          <reporter-output>
          </reporter-output>
        </test-method> <!-- tearDown -->
        <test-method is-config="true" signature="setUp()[pri:0, instance:com.hrm.qa.testcases.LoginPageTest@10e41621]" started-at="2023-03-06T19:29:38 IST" name="setUp" finished-at="2023-03-06T19:29:41 IST" duration-ms="3552" status="PASS">
          <reporter-output>
          </reporter-output>
        </test-method> <!-- setUp -->
        <test-method signature="loginPageTitleTest()[pri:3, instance:com.hrm.qa.testcases.LoginPageTest@10e41621]" started-at="2023-03-06T19:29:41 IST" name="loginPageTitleTest" finished-at="2023-03-06T19:29:41 IST" duration-ms="2" status="PASS">
          <reporter-output>
          </reporter-output>
        </test-method> <!-- loginPageTitleTest -->
        <test-method is-config="true" signature="tearDown()[pri:0, instance:com.hrm.qa.testcases.LoginPageTest@10e41621]" started-at="2023-03-06T19:29:41 IST" name="tearDown" finished-at="2023-03-06T19:29:41 IST" duration-ms="110" status="PASS">
          <reporter-output>
          </reporter-output>
        </test-method> <!-- tearDown -->
      </class> <!-- com.hrm.qa.testcases.LoginPageTest -->
    </test> <!-- Default test -->
  </suite> <!-- Default suite -->
</testng-results>
